0 info it worked if it ends with ok
1 verbose cli [ 'node',
1 verbose cli   '/Users/andrewpage/.meteor/packages/meteor-tool/.1.3.4_1.1e1c6we++os.osx.x86_64+web.browser+web.cordova/mt-os.osx.x86_64/dev_bundle/bin/npm',
1 verbose cli   'run',
1 verbose cli   'lint' ]
2 info using npm@3.9.6
3 info using node@v0.10.45
4 verbose run-script [ 'prelint', 'lint', 'postlint' ]
5 info lifecycle meteor_boilerplate@0.5.5~prelint: meteor_boilerplate@0.5.5
6 silly lifecycle meteor_boilerplate@0.5.5~prelint: no script for prelint, continuing
7 info lifecycle meteor_boilerplate@0.5.5~lint: meteor_boilerplate@0.5.5
8 verbose lifecycle meteor_boilerplate@0.5.5~lint: unsafe-perm in lifecycle true
9 verbose lifecycle meteor_boilerplate@0.5.5~lint: PATH: /Users/andrewpage/.meteor/packages/meteor-tool/.1.3.4_1.1e1c6we++os.osx.x86_64+web.browser+web.cordova/mt-os.osx.x86_64/dev_bundle/lib/node_modules/npm/bin/node-gyp-bin:/Users/andrewpage/Documents/Git/my_resume/node_modules/.bin:/Users/andrewpage/.meteor/packages/meteor-tool/.1.3.4_1.1e1c6we++os.osx.x86_64+web.browser+web.cordova/mt-os.osx.x86_64/dev_bundle/bin:/Users/andrewpage/.meteor/packages/meteor-tool/.1.3.4_1.1e1c6we++os.osx.x86_64+web.browser+web.cordova/mt-os.osx.x86_64/dev_bundle/bin:/Users/andrewpage/.meteor/packages/meteor-tool/.1.3.4_1.1e1c6we++os.osx.x86_64+web.browser+web.cordova/mt-os.osx.x86_64/dev_bundle/lib/node_modules/.bin:/usr/bin:/bin:/usr/sbin:/sbin:/usr/local/bin:/Applications/MongoDB/bin:/opt/X11/bin:/Users/andrewpage/.gem/ruby/2.0.0/bin:/Library/Ruby/Gems/2.0.0/bin:/System/Library/Frameworks/Ruby.framework/Versions/2.0/usr/lib/ruby/gems/2.0.0/bin:/Users/andrewpage/.rvm/bin
10 verbose lifecycle meteor_boilerplate@0.5.5~lint: CWD: /Users/andrewpage/Documents/Git/my_resume
11 silly lifecycle meteor_boilerplate@0.5.5~lint: Args: [ '-c', 'eslint .' ]
12 silly lifecycle meteor_boilerplate@0.5.5~lint: Returned: code: 1  signal: null
13 info lifecycle meteor_boilerplate@0.5.5~lint: Failed to exec lint script
14 verbose stack Error: meteor_boilerplate@0.5.5 lint: `eslint .`
14 verbose stack Exit status 1
14 verbose stack     at EventEmitter.<anonymous> (/Users/andrewpage/.meteor/packages/meteor-tool/.1.3.4_1.1e1c6we++os.osx.x86_64+web.browser+web.cordova/mt-os.osx.x86_64/dev_bundle/lib/node_modules/npm/lib/utils/lifecycle.js:245:16)
14 verbose stack     at EventEmitter.emit (events.js:98:17)
14 verbose stack     at ChildProcess.<anonymous> (/Users/andrewpage/.meteor/packages/meteor-tool/.1.3.4_1.1e1c6we++os.osx.x86_64+web.browser+web.cordova/mt-os.osx.x86_64/dev_bundle/lib/node_modules/npm/lib/utils/spawn.js:24:14)
14 verbose stack     at ChildProcess.emit (events.js:98:17)
14 verbose stack     at maybeClose (child_process.js:766:16)
14 verbose stack     at Process.ChildProcess._handle.onexit (child_process.js:833:5)
15 verbose pkgid meteor_boilerplate@0.5.5
16 verbose cwd /Users/andrewpage/Documents/Git/my_resume
17 error Darwin 13.4.0
18 error argv "node" "/Users/andrewpage/.meteor/packages/meteor-tool/.1.3.4_1.1e1c6we++os.osx.x86_64+web.browser+web.cordova/mt-os.osx.x86_64/dev_bundle/bin/npm" "run" "lint"
19 error node v0.10.45
20 error npm  v3.9.6
21 error code ELIFECYCLE
22 error meteor_boilerplate@0.5.5 lint: `eslint .`
22 error Exit status 1
23 error Failed at the meteor_boilerplate@0.5.5 lint script 'eslint .'.
23 error Make sure you have the latest version of node.js and npm installed.
23 error If you do, this is most likely a problem with the meteor_boilerplate package,
23 error not with npm itself.
23 error Tell the author that this fails on your system:
23 error     eslint .
23 error You can get information on how to open an issue for this project with:
23 error     npm bugs meteor_boilerplate
23 error Or if that isn't available, you can get their info via:
23 error     npm owner ls meteor_boilerplate
23 error There is likely additional logging output above.
24 verbose exit [ 1, true ]
